\BOOKMARK [1][-]{section.1}{Introduction}{}% 1
\BOOKMARK [2][-]{subsection.1.1}{Background}{section.1}% 2
\BOOKMARK [2][-]{subsection.1.2}{Aims}{section.1}% 3
\BOOKMARK [2][-]{subsection.1.3}{Systems\040and\040Structures}{section.1}% 4
\BOOKMARK [1][-]{section.2}{Journalism\040in\040Japan}{}% 5
\BOOKMARK [2][-]{subsection.2.1}{Development\040of\040journalism\040as\040a\040trade}{section.2}% 6
\BOOKMARK [2][-]{subsection.2.2}{Education\040of\040Journalists}{section.2}% 7
\BOOKMARK [2][-]{subsection.2.3}{Sources\040of\040Ethics}{section.2}% 8
\BOOKMARK [2][-]{subsection.2.4}{Journalistic\040Employment\040in\040Japan}{section.2}% 9
\BOOKMARK [2][-]{subsection.2.5}{Press\040Clubs}{section.2}% 10
\BOOKMARK [1][-]{section.3}{Sources\040of\040Autonomy}{}% 11
\BOOKMARK [2][-]{section*.1}{The\040Broadcast\040Act}{section.3}% 12
\BOOKMARK [3][-]{section*.2}{Newspaper\040Sales}{section*.1}% 13
\BOOKMARK [2][-]{subsection.3.1}{Ethics}{section.3}% 14
\BOOKMARK [3][-]{subsubsection.3.1.1}{The\040NSK-JNPEA\040Ethics\040Guide}{subsection.3.1}% 15
\BOOKMARK [3][-]{subsubsection.3.1.2}{Company\040Guides}{subsection.3.1}% 16
\BOOKMARK [1][-]{section.4}{Discussion}{}% 17
\BOOKMARK [2][-]{subsection.4.1}{Non-company\040journalistic\040groups}{section.4}% 18
\BOOKMARK [3][-]{section*.3}{Nihon Shimbun Kyōkai\(NSK\)}{subsection.4.1}% 19
\BOOKMARK [3][-]{section*.4}{Japan\040Congress\040of\040Journalists\(JCJ\)}{subsection.4.1}% 20
\BOOKMARK [3][-]{section*.5}{Free Press Association of Japan \(Jiyū Hōdō Kyōkai\)}{subsection.4.1}% 21
\BOOKMARK [3][-]{section*.6}{Japan\040P.E.N.\040Club}{subsection.4.1}% 22
\BOOKMARK [2][-]{section*.7}{International\040solidarity}{section.4}% 23
\BOOKMARK [3][-]{subsubsection.4.1.1}{Specialist\040Groups}{section*.7}% 24
\BOOKMARK [1][-]{section.5}{Conclusions\040and\040Summary}{}% 25
\BOOKMARK [1][-]{section*.8}{References}{}% 26
